Arguments: 
  /usr/bin/node /usr/share/yarn/bin/yarn.js run dev

PATH: 
  /home/akshay/.local/bin:/home/akshay/.local/bin:/home/akshay/.local/bin:/usr/local/sbin:/usr/local/bin:/usr/sbin:/usr/bin:/sbin:/bin:/usr/games:/usr/local/games:/snap/bin

Yarn version: 
  1.21.1

Node version: 
  12.16.1

Platform: 
  linux x64

Trace: 
  SyntaxError: /home/akshay/mern-last/package.json: Unexpected token } in JSON at position 289
      at JSON.parse (<anonymous>)
      at /usr/share/yarn/lib/cli.js:1625:59
      at Generator.next (<anonymous>)
      at step (/usr/share/yarn/lib/cli.js:310:30)
      at /usr/share/yarn/lib/cli.js:321:13

npm manifest: 
  {
    "name": "mern-last",
    "version": "1.0.0",
    "description": "MERN-app",
    "main": "server.js",
    "scripts": {
      "start": "node server",
      "server": "nodemon server",
      "client": "npm start --prefix client",
      "dev": "concurrently \"npm run server\" \"npm run client\"",
      
    },
    "author": "akshay",
    "license": "MIT",
    "dependencies": {
      "bcryptjs": "^2.4.3",
      "config": "^3.3.1",
      "express": "^4.17.1",
      "express-validator": "^6.4.0",
      "gravatar": "^1.8.0",
      "jsonwebtoken": "^8.5.1",
      "mongoose": "^5.9.10",
      "request": "^2.88.2"
    },
    "devDependencies": {
      "concurrently": "^5.2.0",
      "nodemon": "^2.0.3"
    } 
  }

yarn manifest: 
  No manifest

Lockfile: 
  No lockfile
